root - WARNING - <application.logic.generation.oracles.vmo.VMO object at 0x000002344E81BA48>
root - WARNING - PERC: 0.13172205697165829
root - WARNING - LRS: 3
root - WARNING - i: 0
root - WARNING - k: -1
root - WARNING - kvec: [0, 466, 467, 474, 483, 491, 499, 516, 521, 524, 532, 574, 582, 590, 598, 1528, 1536, 1544, 1552, 1560, 1568, 2125, 2310, 2365, 2373, 2381, 2389, 2397, 2405, 2413, 2429, 2445, 2461]
root - WARNING - kvec > LRS: [474, 483, 491, 499, 516, 521, 524, 532, 574, 582, 590, 598, 1528, 1536, 1544, 1552, 1560, 1568, 2125, 2310, 2365, 2373, 2381, 2389, 2397, 2405, 2413, 2429, 2445, 2461]
root - WARNING - lrs_vec: [7, 8, 9, 10, 16, 3, 3, 9, 9, 17, 17, 25, 18, 26, 18, 26, 34, 42, 11, 6, 26, 34, 42, 50, 51, 50, 58, 74, 90, 91]
root - WARNING - i: 1
root - WARNING - k: 2447
root - WARNING - kvec: [0, 177, 178, 179, 447, 448, 468, 469, 477, 485, 493, 501, 502, 523, 550, 576, 584, 592, 600, 602, 604, 605, 634, 635, 821, 822, 1044, 1282, 1290, 1298, 1477, 1478, 1522, 1530, 1538, 1546, 1554, 1562, 1570, 2259, 2269, 2286, 2287, 2343, 2359, 2367, 2375, 2383, 2391, 2399, 2415, 2431, 2447]
root - WARNING - kvec > LRS: [477, 485, 493, 523, 550, 576, 584, 592, 600, 1522, 1530, 1538, 1546, 1554, 1562, 1570, 2343, 2359, 2367, 2375, 2383, 2391, 2399, 2415, 2431, 2447]
root - WARNING - lrs_vec: [10, 3, 11, 4, 4, 11, 11, 19, 27, 12, 20, 28, 20, 28, 36, 44, 14, 20, 28, 36, 44, 52, 45, 60, 76, 92]
root - WARNING - i: 2
root - WARNING - k: 2448
root - WARNING - kvec: [0, 177, 178, 179, 180, 447, 448, 449, 468, 469, 470, 478, 486, 494, 501, 502, 503, 520, 526, 551, 554, 577, 585, 593, 601, 602, 604, 605, 606, 634, 635, 821, 822, 1044, 1282, 1290, 1298, 1477, 1478, 1523, 1531, 1539, 1547, 1555, 1563, 1571, 2120, 2259, 2269, 2286, 2287, 2288, 2344, 2360, 2368, 2376, 2384, 2392, 2400, 2416, 2432, 2448]
root - WARNING - kvec > LRS: [180, 449, 470, 478, 486, 494, 503, 551, 554, 577, 585, 593, 601, 606, 1523, 1531, 1539, 1547, 1555, 1563, 1571, 2120, 2288, 2344, 2360, 2368, 2376, 2384, 2392, 2400, 2416, 2432, 2448]
root - WARNING - lrs_vec: [3, 3, 3, 11, 4, 12, 3, 5, 3, 12, 12, 20, 28, 3, 13, 21, 29, 21, 29, 37, 45, 5, 3, 13, 21, 29, 37, 45, 53, 46, 61, 77, 93]
root - WARNING - i: 3
root - WARNING - k: 2449
root - WARNING - kvec: [0, 177, 178, 179, 180, 181, 447, 448, 449, 450, 468, 469, 471, 479, 487, 495, 501, 502, 503, 504, 520, 526, 527, 552, 554, 578, 586, 594, 602, 604, 605, 607, 634, 635, 821, 822, 1044, 1282, 1290, 1298, 1477, 1478, 1524, 1532, 1540, 1548, 1556, 1564, 1572, 2121, 2259, 2269, 2286, 2287, 2289, 2361, 2369, 2377, 2385, 2393, 2401, 2417, 2433, 2449]
root - WARNING - kvec > LRS: [180, 181, 449, 450, 471, 479, 487, 495, 503, 504, 527, 552, 554, 578, 586, 594, 607, 1524, 1532, 1540, 1548, 1556, 1564, 1572, 2121, 2289, 2361, 2369, 2377, 2385, 2393, 2401, 2417, 2433, 2449]
root - WARNING - lrs_vec: [3, 4, 3, 4, 4, 12, 5, 13, 3, 4, 3, 6, 3, 13, 13, 21, 4, 14, 22, 30, 22, 30, 38, 46, 6, 4, 22, 30, 38, 46, 54, 47, 62, 78, 94]
root - WARNING - i: 4
root - WARNING - k: 2450
root - WARNING - kvec: [0, 177, 178, 179, 180, 181, 182, 447, 448, 449, 450, 451, 452, 468, 469, 472, 480, 488, 496, 501, 502, 503, 504, 505, 520, 526, 527, 528, 553, 554, 555, 579, 587, 595, 602, 604, 605, 634, 635, 821, 822, 1044, 1082, 1282, 1290, 1298, 1477, 1478, 1525, 1533, 1541, 1549, 1557, 1565, 1573, 2122, 2189, 2259, 2269, 2286, 2287, 2290, 2309, 2362, 2370, 2378, 2386, 2394, 2402, 2418, 2434, 2450]
root - WARNING - kvec > LRS: [180, 181, 182, 449, 450, 451, 452, 472, 480, 488, 496, 503, 504, 505, 527, 528, 553, 554, 555, 579, 587, 595, 1082, 1525, 1533, 1541, 1549, 1557, 1565, 1573, 2122, 2189, 2290, 2309, 2362, 2370, 2378, 2386, 2394, 2402, 2418, 2434, 2450]
root - WARNING - lrs_vec: [3, 4, 5, 3, 4, 5, 5, 5, 13, 6, 7, 3, 4, 5, 3, 4, 7, 3, 5, 14, 14, 22, 5, 15, 23, 15, 23, 31, 39, 47, 7, 5, 5, 5, 23, 31, 39, 47, 55, 48, 63, 79, 95]
root - WARNING - i: 5
root - WARNING - k: 2451
root - WARNING - kvec: [0, 177, 178, 179, 180, 181, 182, 447, 448, 449, 450, 451, 452, 453, 468, 469, 472, 473, 481, 489, 497, 501, 502, 503, 504, 505, 506, 520, 526, 527, 528, 529, 537, 554, 555, 572, 580, 588, 596, 602, 604, 605, 634, 635, 821, 822, 1044, 1082, 1256, 1282, 1290, 1298, 1477, 1478, 1526, 1534, 1542, 1550, 1558, 1566, 1574, 2123, 2189, 2259, 2269, 2286, 2287, 2290, 2291, 2309, 2363, 2371, 2379, 2387, 2395, 2403, 2419, 2435, 2451]
root - WARNING - kvec > LRS: [180, 181, 182, 449, 450, 451, 452, 453, 472, 473, 481, 489, 497, 503, 504, 505, 506, 527, 528, 529, 537, 554, 555, 572, 580, 588, 596, 1082, 1256, 1526, 1534, 1542, 1550, 1558, 1566, 1574, 2123, 2189, 2290, 2291, 2309, 2363, 2371, 2379, 2387, 2395, 2403, 2419, 2435, 2451]
root - WARNING - lrs_vec: [3, 4, 5, 3, 4, 5, 5, 6, 5, 6, 14, 7, 8, 3, 4, 5, 6, 3, 4, 5, 5, 3, 5, 7, 15, 15, 23, 5, 6, 16, 24, 16, 24, 32, 40, 48, 9, 5, 5, 6, 5, 24, 32, 40, 49, 56, 48, 64, 80, 81]
root - WARNING - i: 6
root - WARNING - k: 2452
root - WARNING - kvec: [0, 177, 178, 179, 180, 181, 182, 447, 448, 449, 450, 451, 452, 453, 454, 468, 469, 472, 473, 482, 490, 498, 501, 502, 503, 504, 505, 506, 507, 520, 526, 527, 528, 529, 530, 538, 554, 555, 556, 573, 581, 589, 597, 602, 604, 605, 634, 635, 821, 822, 1044, 1082, 1257, 1282, 1290, 1298, 1477, 1478, 1527, 1535, 1543, 1551, 1559, 1567, 2124, 2189, 2259, 2269, 2286, 2287, 2290, 2292, 2309, 2364, 2372, 2380, 2388, 2396, 2404, 2420, 2436, 2452]
root - WARNING - kvec > LRS: [180, 181, 182, 449, 450, 451, 452, 453, 454, 472, 473, 482, 490, 498, 503, 504, 505, 506, 507, 527, 528, 529, 530, 538, 554, 555, 556, 573, 581, 589, 597, 1082, 1257, 1527, 1535, 1543, 1551, 1559, 1567, 2124, 2189, 2290, 2292, 2309, 2364, 2372, 2380, 2388, 2396, 2404, 2420, 2436, 2452]
root - WARNING - lrs_vec: [3, 4, 5, 3, 4, 5, 5, 6, 7, 5, 6, 7, 8, 9, 3, 4, 5, 6, 7, 3, 4, 5, 6, 6, 3, 5, 7, 8, 16, 16, 24, 5, 7, 17, 25, 17, 25, 33, 41, 10, 5, 5, 7, 5, 25, 33, 41, 49, 50, 49, 65, 81, 82]
root - WARNING - i: 7
root - WARNING - k: 2453
root - WARNING - kvec: [0, 466, 467, 474, 483, 491, 499, 516, 521, 524, 532, 574, 582, 590, 598, 1528, 1536, 1544, 1552, 1560, 1568, 2125, 2310, 2365, 2373, 2381, 2389, 2397, 2405, 2421, 2437, 2453]
root - WARNING - kvec > LRS: [474, 483, 491, 499, 516, 521, 524, 532, 574, 582, 590, 598, 1528, 1536, 1544, 1552, 1560, 1568, 2125, 2310, 2365, 2373, 2381, 2389, 2397, 2405, 2421, 2437, 2453]
root - WARNING - lrs_vec: [7, 8, 9, 10, 16, 3, 3, 9, 9, 17, 17, 25, 18, 26, 18, 26, 34, 42, 11, 6, 26, 34, 42, 50, 51, 50, 66, 82, 83]
root - WARNING - i: 8
root - WARNING - k: 2454
root - WARNING - kvec: [0, 177, 178, 447, 468, 476, 484, 492, 501, 522, 525, 549, 575, 583, 591, 599, 604, 622, 634, 821, 1282, 1290, 1298, 1477, 1521, 1529, 1537, 1545, 1553, 1561, 1569, 2259, 2269, 2286, 2311, 2342, 2358, 2366, 2374, 2382, 2390, 2398, 2406, 2422, 2438, 2454]
root - WARNING - kvec > LRS: [476, 492, 522, 525, 549, 575, 583, 591, 599, 622, 1521, 1529, 1537, 1545, 1553, 1561, 1569, 2311, 2342, 2358, 2366, 2374, 2382, 2390, 2398, 2406, 2422, 2438, 2454]
root - WARNING - lrs_vec: [9, 10, 3, 3, 3, 10, 10, 18, 26, 3, 11, 19, 27, 19, 27, 35, 43, 3, 13, 19, 27, 35, 43, 51, 52, 51, 67, 83, 84]
root - WARNING - i: 9
root - WARNING - k: 2455
root - WARNING - kvec: [0, 177, 178, 179, 447, 448, 468, 469, 477, 485, 493, 501, 502, 523, 550, 576, 584, 592, 600, 602, 604, 605, 634, 635, 821, 822, 1044, 1282, 1290, 1298, 1477, 1478, 1522, 1530, 1538, 1546, 1554, 1562, 1570, 2259, 2269, 2286, 2287, 2343, 2359, 2367, 2375, 2383, 2391, 2399, 2407, 2423, 2439, 2455]
root - WARNING - kvec > LRS: [477, 485, 493, 523, 550, 576, 584, 592, 600, 1522, 1530, 1538, 1546, 1554, 1562, 1570, 2343, 2359, 2367, 2375, 2383, 2391, 2399, 2407, 2423, 2439, 2455]
root - WARNING - lrs_vec: [10, 3, 11, 4, 4, 11, 11, 19, 27, 12, 20, 28, 20, 28, 36, 44, 14, 20, 28, 36, 44, 52, 45, 52, 68, 84, 85]
root - WARNING - i: 10
root - WARNING - k: 2456
root - WARNING - kvec: [0, 177, 178, 179, 180, 447, 448, 449, 468, 469, 470, 478, 486, 494, 501, 502, 503, 520, 526, 551, 554, 577, 585, 593, 601, 602, 604, 605, 606, 634, 635, 821, 822, 1044, 1282, 1290, 1298, 1477, 1478, 1523, 1531, 1539, 1547, 1555, 1563, 1571, 2120, 2259, 2269, 2286, 2287, 2288, 2344, 2360, 2368, 2376, 2384, 2392, 2400, 2408, 2424, 2440, 2456]
root - WARNING - kvec > LRS: [180, 449, 470, 478, 486, 494, 503, 551, 554, 577, 585, 593, 601, 606, 1523, 1531, 1539, 1547, 1555, 1563, 1571, 2120, 2288, 2344, 2360, 2368, 2376, 2384, 2392, 2400, 2408, 2424, 2440, 2456]
root - WARNING - lrs_vec: [3, 3, 3, 11, 4, 12, 3, 5, 3, 12, 12, 20, 28, 3, 13, 21, 29, 21, 29, 37, 45, 5, 3, 13, 21, 29, 37, 45, 53, 46, 53, 69, 85, 86]
root - WARNING - i: 11
root - WARNING - k: 2457
root - WARNING - i: 12
root - WARNING - k: 2458
root - WARNING - kvec: [0, 177, 178, 179, 180, 181, 182, 447, 448, 449, 450, 451, 452, 468, 469, 472, 480, 488, 496, 501, 502, 503, 504, 505, 520, 526, 527, 528, 553, 554, 555, 579, 587, 595, 602, 604, 605, 634, 635, 821, 822, 1044, 1082, 1282, 1290, 1298, 1477, 1478, 1525, 1533, 1541, 1549, 1557, 1565, 1573, 2122, 2189, 2259, 2269, 2286, 2287, 2290, 2309, 2362, 2370, 2378, 2386, 2394, 2402, 2410, 2426, 2442, 2458]
root - WARNING - kvec > LRS: [180, 181, 182, 449, 450, 451, 452, 472, 480, 488, 496, 503, 504, 505, 527, 528, 553, 554, 555, 579, 587, 595, 1082, 1525, 1533, 1541, 1549, 1557, 1565, 1573, 2122, 2189, 2290, 2309, 2362, 2370, 2378, 2386, 2394, 2402, 2410, 2426, 2442, 2458]
root - WARNING - lrs_vec: [3, 4, 5, 3, 4, 5, 5, 5, 13, 6, 7, 3, 4, 5, 3, 4, 7, 3, 5, 14, 14, 22, 5, 15, 23, 15, 23, 31, 39, 47, 7, 5, 5, 5, 23, 31, 39, 47, 55, 48, 55, 71, 87, 88]
root - WARNING - i: 13
root - WARNING - k: 2459
root - WARNING - i: 14
root - WARNING - k: 2460
root - WARNING - kvec: [0, 177, 178, 179, 180, 181, 182, 447, 448, 449, 450, 451, 452, 453, 454, 468, 469, 472, 473, 482, 490, 498, 501, 502, 503, 504, 505, 506, 507, 520, 526, 527, 528, 529, 530, 538, 554, 555, 556, 573, 581, 589, 597, 602, 604, 605, 634, 635, 821, 822, 1044, 1082, 1257, 1282, 1290, 1298, 1477, 1478, 1527, 1535, 1543, 1551, 1559, 1567, 2124, 2189, 2259, 2269, 2286, 2287, 2290, 2292, 2309, 2364, 2372, 2380, 2388, 2396, 2404, 2412, 2428, 2444, 2460]
root - WARNING - kvec > LRS: [180, 181, 182, 449, 450, 451, 452, 453, 454, 472, 473, 482, 490, 498, 503, 504, 505, 506, 507, 527, 528, 529, 530, 538, 554, 555, 556, 573, 581, 589, 597, 1082, 1257, 1527, 1535, 1543, 1551, 1559, 1567, 2124, 2189, 2290, 2292, 2309, 2364, 2372, 2380, 2388, 2396, 2404, 2412, 2428, 2444, 2460]
root - WARNING - lrs_vec: [3, 4, 5, 3, 4, 5, 5, 6, 7, 5, 6, 7, 8, 9, 3, 4, 5, 6, 7, 3, 4, 5, 6, 6, 3, 5, 7, 8, 16, 16, 24, 5, 7, 17, 25, 17, 25, 33, 41, 10, 5, 5, 7, 5, 25, 33, 41, 49, 50, 49, 57, 73, 89, 90]
root - WARNING - i: 15
root - WARNING - k: 0
root - WARNING - i: 16
root - WARNING - k: 1
root - WARNING - i: 17
root - WARNING - k: 2
root - WARNING - i: 18
root - WARNING - k: 3
root - WARNING - kvec: [0, 1, 2, 3, 4, 770, 771, 772]
root - WARNING - kvec > LRS: [4, 772]
root - WARNING - lrs_vec: [3, 3]
root - WARNING - i: 19
root - WARNING - k: 5
root - WARNING - kvec: [0, 1, 2, 3, 4, 5, 6, 770, 771, 772, 773, 774]
root - WARNING - kvec > LRS: [4, 5, 6, 772, 773, 774]
root - WARNING - lrs_vec: [3, 4, 5, 3, 4, 5]
root - WARNING - i: 20
root - WARNING - k: 7
root - WARNING - i: 21
root - WARNING - k: 41
root - WARNING - i: 22
root - WARNING - k: 42
root - WARNING - kvec: [0, 41, 42, 43]
root - WARNING - kvec > LRS: []
root - WARNING - lrs_vec: []
root - WARNING - i: 23
root - WARNING - k: 43
root - WARNING - i: 24
root - WARNING - k: 44
root - WARNING - kvec: [0, 41, 42, 43, 44, 45]
root - WARNING - kvec > LRS: [44, 45]
root - WARNING - lrs_vec: [3, 4]
root - WARNING - i: 25
root - WARNING - k: 46
root - WARNING - kvec: [0, 41, 42, 43, 44, 45, 46, 47]
root - WARNING - kvec > LRS: [44, 45, 46, 47]
root - WARNING - lrs_vec: [3, 4, 5, 6]
root - WARNING - i: 26
root - WARNING - k: 48
root - WARNING - kvec: [0, 41, 42, 43, 44, 45, 46, 47, 48]
root - WARNING - kvec > LRS: [44, 45, 46, 47, 48]
root - WARNING - lrs_vec: [3, 4, 5, 6, 7]
root - WARNING - i: 27
root - WARNING - k: 49
root - WARNING - i: 28
root - WARNING - k: 50
root - WARNING - kvec: [0, 49, 50, 51]
root - WARNING - kvec > LRS: []
root - WARNING - lrs_vec: []
root - WARNING - i: 29
root - WARNING - k: 51
root - WARNING - kvec: [0, 49, 50, 51, 52]
root - WARNING - kvec > LRS: [52]
root - WARNING - lrs_vec: [3]
root - WARNING - i: 30
root - WARNING - k: 53
root - WARNING - kvec: [0, 49, 50, 51, 52, 53, 54, 61]
root - WARNING - kvec > LRS: [52, 53, 54, 61]
root - WARNING - lrs_vec: [3, 4, 5, 4]
root - WARNING - i: 31
root - WARNING - k: 55
root - WARNING - i: 32
root - WARNING - k: 177
root - WARNING - i: 33
root - WARNING - k: 178
root - WARNING - kvec: [0, 177, 178, 179, 447, 448, 468, 469, 501, 502, 602, 604, 605, 634, 635, 821, 822, 1044, 1282, 1290, 1298, 1477, 1478, 2259, 2269, 2286, 2287]
root - WARNING - kvec > LRS: []
root - WARNING - lrs_vec: []
root - WARNING - i: 34
root - WARNING - k: 179
root - WARNING - kvec: [0, 177, 178, 179, 180, 447, 448, 449, 468, 469, 501, 502, 503, 520, 526, 554, 602, 604, 605, 634, 635, 821, 822, 1044, 1282, 1290, 1298, 1477, 1478, 2259, 2269, 2286, 2287]
root - WARNING - kvec > LRS: [180, 449, 503, 554]
root - WARNING - lrs_vec: [3, 3, 3, 3]
root - WARNING - i: 35
root - WARNING - k: 181
root - WARNING - kvec: [0, 177, 178, 179, 180, 181, 182, 447, 448, 449, 450, 451, 468, 469, 501, 502, 503, 504, 520, 526, 527, 554, 555, 602, 604, 605, 634, 635, 821, 822, 1044, 1082, 1282, 1290, 1298, 1477, 1478, 2189, 2259, 2269, 2286, 2287, 2309]
root - WARNING - kvec > LRS: [180, 181, 182, 449, 450, 451, 503, 504, 527, 554, 555, 1082, 2189, 2309]
root - WARNING - lrs_vec: [3, 4, 5, 3, 4, 5, 3, 4, 3, 3, 5, 5, 5, 5]
root - WARNING - i: 36
root - WARNING - k: 183
root - WARNING - kvec: [0, 177, 178, 179, 180, 181, 182, 183, 184, 447, 448, 449, 450, 451, 468, 469, 501, 502, 503, 504, 520, 526, 527, 554, 555, 602, 604, 605, 634, 635, 821, 822, 1044, 1082, 1083, 1282, 1290, 1298, 1477, 1478, 2189, 2259, 2269, 2286, 2287, 2309]
root - WARNING - kvec > LRS: [180, 181, 182, 183, 184, 449, 450, 451, 503, 504, 527, 554, 555, 1082, 1083, 2189, 2309]
root - WARNING - lrs_vec: [3, 4, 5, 6, 7, 3, 4, 5, 3, 4, 3, 3, 5, 5, 7, 5, 5]
root - WARNING - i: 37
root - WARNING - k: 185
root - WARNING - kvec: [0, 177, 178, 179, 180, 181, 182, 183, 184, 185, 186, 187, 447, 448, 449, 450, 451, 468, 469, 501, 502, 503, 504, 520, 526, 527, 554, 555, 602, 604, 605, 634, 635, 821, 822, 1044, 1082, 1083, 1084, 1282, 1290, 1298, 1477, 1478, 2189, 2259, 2269, 2286, 2287, 2309]
root - WARNING - kvec > LRS: [180, 181, 182, 183, 184, 185, 186, 187, 449, 450, 451, 503, 504, 527, 554, 555, 1082, 1083, 1084, 2189, 2309]
root - WARNING - lrs_vec: [3, 4, 5, 6, 7, 8, 8, 9, 3, 4, 5, 3, 4, 3, 3, 5, 5, 7, 9, 5, 5]
root - WARNING - i: 38
root - WARNING - k: 188
root - WARNING - kvec: [0, 177, 178, 179, 180, 181, 182, 183, 184, 185, 186, 187, 188, 189, 447, 448, 449, 450, 451, 468, 469, 501, 502, 503, 504, 520, 526, 527, 554, 555, 602, 604, 605, 634, 635, 821, 822, 1044, 1082, 1083, 1084, 1085, 1282, 1290, 1298, 1477, 1478, 2189, 2259, 2269, 2286, 2287, 2309]
root - WARNING - kvec > LRS: [180, 181, 182, 183, 184, 185, 186, 187, 188, 189, 449, 450, 451, 503, 504, 527, 554, 555, 1082, 1083, 1084, 1085, 2189, 2309]
root - WARNING - lrs_vec: [3, 4, 5, 6, 7, 8, 8, 9, 10, 11, 3, 4, 5, 3, 4, 3, 3, 5, 5, 7, 9, 10, 5, 5]
root - WARNING - i: 39
root - WARNING - k: 190
root - WARNING - i: 40
root - WARNING - k: 293
root - WARNING - i: 41
root - WARNING - k: 294
root - WARNING - i: 42
root - WARNING - k: 295
root - WARNING - kvec: [0, 293, 295, 298, 814]
root - WARNING - kvec > LRS: []
root - WARNING - lrs_vec: []
root - WARNING - i: 43
root - WARNING - k: 296
root - WARNING - i: 44
root - WARNING - k: 297
root - WARNING - kvec: [0, 294, 296, 297, 300, 399, 400, 415, 416, 815]
root - WARNING - kvec > LRS: [300]
root - WARNING - lrs_vec: [4]
root - WARNING - i: 45
root - WARNING - k: 301
root - WARNING - kvec: [0, 293, 295, 298, 301, 304, 422, 425, 814]
root - WARNING - kvec > LRS: [301, 304, 422, 425]
root - WARNING - lrs_vec: [5, 8, 3, 6]
root - WARNING - i: 46
root - WARNING - k: 305
root - WARNING - kvec: [0, 294, 296, 297, 299, 302, 305, 308, 399, 415, 423, 815]
root - WARNING - kvec > LRS: [299, 302, 305, 308, 423]
root - WARNING - lrs_vec: [3, 6, 9, 12, 4]
root - WARNING - i: 47
root - WARNING - k: 309
root - WARNING - kvec: [0, 294, 296, 297, 300, 303, 306, 309, 312, 399, 400, 415, 416, 424, 815]
root - WARNING - kvec > LRS: [300, 303, 306, 309, 312, 424]
root - WARNING - lrs_vec: [4, 7, 10, 13, 16, 5]
root - WARNING - i: 48
root - WARNING - k: 313
root - WARNING - kvec: [0, 293, 295, 298, 301, 304, 307, 310, 313, 316, 422, 425, 814]
root - WARNING - kvec > LRS: [301, 304, 307, 310, 313, 316, 422, 425]
root - WARNING - lrs_vec: [5, 8, 11, 14, 17, 20, 3, 6]
root - WARNING - i: 49
root - WARNING - k: 317
root - WARNING - kvec: [0, 294, 296, 297, 299, 302, 305, 308, 311, 314, 317, 320, 323, 326, 399, 415, 423, 815]
root - WARNING - kvec > LRS: [299, 302, 305, 308, 311, 314, 317, 320, 323, 326, 423]
root - WARNING - lrs_vec: [3, 6, 9, 12, 15, 18, 21, 24, 19, 22, 4]
root - WARNING - ktrace: [-1, -1, 2447, 2447, 2448, 2448, 2449, 2449, 2450, 2450, 2451, 2451, 2452, 2452, 2453, 2453, 2454, 2454, 2455, 2455, 2456, 2456, 2457, 2458, 2458, 2459, 2460, 2460, 2461, 1, 2, 3, 3, 5, 5, 7, 41, 42, 42, 43, 44, 44, 46, 46, 48, 48, 49, 50, 50, 51, 51, 53, 53, 55, 177, 178, 178, 179, 179, 181, 181, 183, 183, 185, 185, 188, 188, 190, 293, 294, 295, 295, 296, 297, 297, 301, 301, 305, 305, 309, 309, 313, 313, 317, 317, 321]
root - WARNING - seq: [2448, 2449, 2450, 2451, 2452, 2453, 2454, 2455, 2456, 2457, 2458, 2459, 2460, 2461, 1, 2, 3, 5, 7, 41, 42, 43, 44, 46, 48, 49, 50, 51, 53, 55, 177, 178, 179, 181, 183, 185, 188, 190, 293, 294, 295, 296, 297, 301, 305, 309, 313, 317, 321]
